Arguments: 
  C:\Program Files\nodejs\node.exe C:\Users\Pramitha Jayasooriya.000\AppData\Roaming\npm\node_modules\yarn\bin\yarn.js add -D @babel/core @babel/node

PATH: 
  C:\Program Files\Common Files\Oracle\Java\javapath;C:\Program Files (x86)\Common Files\Oracle\Java\javapath;C:\Python311\Scripts\;C:\Python311\;C:\Windows\system32;C:\Windows;C:\Windows\System32\Wbem;C:\Windows\System32\WindowsPowerShell\v1.0\;C:\Windows\System32\OpenSSH\;C:\Program Files\dotnet\;C:\Program Files\Common Files\Autodesk Shared\;C:\Program Files\nodejs\;C:\ProgramData\chocolatey\bin;C:\Program Files\Git\cmd;C:\Program Files (x86)\NVIDIA Corporation\PhysX\Common;C:\Program Files\Microsoft SQL Server\150\Tools\Binn\;C:\Program Files\Microsoft SQL Server\Client SDK\ODBC\170\Tools\Binn\;C:\Program Files\Java\jdk1.8.0_202\bin;C:\MinGW\bin;C:\Program Files\MySQL\MySQL Server 8.0\bin;C:\Program Files\MySQL\MySQL Shell 8.0\bin\;C:\Users\Pramitha Jayasooriya.000\AppData\Local\Microsoft\WindowsApps;C:\Users\Pramitha Jayasooriya.000\AppData\Roaming\npm;D:\Users\Pramitha Jayasooriya.000\AppData\Local\Programs\Microsoft VS Code\bin;C:\Users\Pramitha Jayasooriya.000\.dotnet\tools;C:\Users\Pramitha Jayasooriya.000\AppData\Local\GitHubDesktop\bin;C:\Program Files\JetBrains\IntelliJ IDEA 2023.1.3\bin;;D:\Program Files\JetBrains\PyCharm 2023.1.3\bin;

Yarn version: 
  1.22.19

Node version: 
  18.16.1

Platform: 
  win32 x64

Trace: 
  Error: getaddrinfo ENOTFOUND registry.yarnpkg.com
      at GetAddrInfoReqWrap.onlookup [as oncomplete] (node:dns:107:26)

npm manifest: 
  {
    "name": "Library-management-system",
    "version": "1.0.0",
    "description": "Library management system API",
    "main": "app.js",
    "author": "Pramitha Jayasooriya",
    "license": "MIT",
    "private": false
  }

yarn manifest: 
  No manifest

Lockfile: 
  No lockfile
